This is pdfTeX, Version 3.14159265-2.6-1.40.18 (TeX Live 2017/Debian) (preloaded format=pdflatex 2021.3.15)  2 APR 2021 19:25
entering extended mode
 restricted \write18 enabled.
 %&-line parsing enabled.
**document.tex
(./document.tex
LaTeX2e <2017-04-15>
Babel <3.18> and hyphenation patterns for 84 language(s) loaded.
(/usr/share/texlive/texmf-dist/tex/latex/base/book.cls
Document Class: book 2014/09/29 v1.4h Standard LaTeX document class
(/usr/share/texlive/texmf-dist/tex/latex/base/bk12.clo
File: bk12.clo 2014/09/29 v1.4h Standard LaTeX file (size option)
)
\c@part=\count79
\c@chapter=\count80
\c@section=\count81
\c@subsection=\count82
\c@subsubsection=\count83
\c@paragraph=\count84
\c@subparagraph=\count85
\c@figure=\count86
\c@table=\count87
\abovecaptionskip=\skip41
\belowcaptionskip=\skip42
\bibindent=\dimen102
)
(/usr/share/texlive/texmf-dist/tex/latex/base/inputenc.sty
Package: inputenc 2015/03/17 v1.2c Input encoding file
\inpenc@prehook=\toks14
\inpenc@posthook=\toks15

(/usr/share/texlive/texmf-dist/tex/latex/base/utf8.def
File: utf8.def 2017/01/28 v1.1t UTF-8 support for inputenc
Now handling font encoding OML ...
... no UTF-8 mapping file for font encoding OML
Now handling font encoding T1 ...
... processing UTF-8 mapping file for font encoding T1

(/usr/share/texlive/texmf-dist/tex/latex/base/t1enc.dfu
File: t1enc.dfu 2017/01/28 v1.1t UTF-8 support for inputenc
   defining Unicode char U+00A0 (decimal 160)
   defining Unicode char U+00A1 (decimal 161)
   defining Unicode char U+00A3 (decimal 163)
   defining Unicode char U+00AB (decimal 171)
   defining Unicode char U+00AD (decimal 173)
   defining Unicode char U+00BB (decimal 187)
   defining Unicode char U+00BF (decimal 191)
   defining Unicode char U+00C0 (decimal 192)
   defining Unicode char U+00C1 (decimal 193)
   defining Unicode char U+00C2 (decimal 194)
   defining Unicode char U+00C3 (decimal 195)
   defining Unicode char U+00C4 (decimal 196)
   defining Unicode char U+00C5 (decimal 197)
   defining Unicode char U+00C6 (decimal 198)
   defining Unicode char U+00C7 (decimal 199)
   defining Unicode char U+00C8 (decimal 200)
   defining Unicode char U+00C9 (decimal 201)
   defining Unicode char U+00CA (decimal 202)
   defining Unicode char U+00CB (decimal 203)
   defining Unicode char U+00CC (decimal 204)
   defining Unicode char U+00CD (decimal 205)
   defining Unicode char U+00CE (decimal 206)
   defining Unicode char U+00CF (decimal 207)
   defining Unicode char U+00D0 (decimal 208)
   defining Unicode char U+00D1 (decimal 209)
   defining Unicode char U+00D2 (decimal 210)
   defining Unicode char U+00D3 (decimal 211)
   defining Unicode char U+00D4 (decimal 212)
   defining Unicode char U+00D5 (decimal 213)
   defining Unicode char U+00D6 (decimal 214)
   defining Unicode char U+00D8 (decimal 216)
   defining Unicode char U+00D9 (decimal 217)
   defining Unicode char U+00DA (decimal 218)
   defining Unicode char U+00DB (decimal 219)
   defining Unicode char U+00DC (decimal 220)
   defining Unicode char U+00DD (decimal 221)
   defining Unicode char U+00DE (decimal 222)
   defining Unicode char U+00DF (decimal 223)
   defining Unicode char U+00E0 (decimal 224)
   defining Unicode char U+00E1 (decimal 225)
   defining Unicode char U+00E2 (decimal 226)
   defining Unicode char U+00E3 (decimal 227)
   defining Unicode char U+00E4 (decimal 228)
   defining Unicode char U+00E5 (decimal 229)
   defining Unicode char U+00E6 (decimal 230)
   defining Unicode char U+00E7 (decimal 231)
   defining Unicode char U+00E8 (decimal 232)
   defining Unicode char U+00E9 (decimal 233)
   defining Unicode char U+00EA (decimal 234)
   defining Unicode char U+00EB (decimal 235)
   defining Unicode char U+00EC (decimal 236)
   defining Unicode char U+00ED (decimal 237)
   defining Unicode char U+00EE (decimal 238)
   defining Unicode char U+00EF (decimal 239)
   defining Unicode char U+00F0 (decimal 240)
   defining Unicode char U+00F1 (decimal 241)
   defining Unicode char U+00F2 (decimal 242)
   defining Unicode char U+00F3 (decimal 243)
   defining Unicode char U+00F4 (decimal 244)
   defining Unicode char U+00F5 (decimal 245)
   defining Unicode char U+00F6 (decimal 246)
   defining Unicode char U+00F8 (decimal 248)
   defining Unicode char U+00F9 (decimal 249)
   defining Unicode char U+00FA (decimal 250)
   defining Unicode char U+00FB (decimal 251)
   defining Unicode char U+00FC (decimal 252)
   defining Unicode char U+00FD (decimal 253)
   defining Unicode char U+00FE (decimal 254)
   defining Unicode char U+00FF (decimal 255)
   defining Unicode char U+0100 (decimal 256)
   defining Unicode char U+0101 (decimal 257)
   defining Unicode char U+0102 (decimal 258)
   defining Unicode char U+0103 (decimal 259)
   defining Unicode char U+0104 (decimal 260)
   defining Unicode char U+0105 (decimal 261)
   defining Unicode char U+0106 (decimal 262)
   defining Unicode char U+0107 (decimal 263)
   defining Unicode char U+0108 (decimal 264)
   defining Unicode char U+0109 (decimal 265)
   defining Unicode char U+010A (decimal 266)
   defining Unicode char U+010B (decimal 267)
   defining Unicode char U+010C (decimal 268)
   defining Unicode char U+010D (decimal 269)
   defining Unicode char U+010E (decimal 270)
   defining Unicode char U+010F (decimal 271)
   defining Unicode char U+0110 (decimal 272)
   defining Unicode char U+0111 (decimal 273)
   defining Unicode char U+0112 (decimal 274)
   defining Unicode char U+0113 (decimal 275)
   defining Unicode char U+0114 (decimal 276)
   defining Unicode char U+0115 (decimal 277)
   defining Unicode char U+0116 (decimal 278)
   defining Unicode char U+0117 (decimal 279)
   defining Unicode char U+0118 (decimal 280)
   defining Unicode char U+0119 (decimal 281)
   defining Unicode char U+011A (decimal 282)
   defining Unicode char U+011B (decimal 283)
   defining Unicode char U+011C (decimal 284)
   defining Unicode char U+011D (decimal 285)
   defining Unicode char U+011E (decimal 286)
   defining Unicode char U+011F (decimal 287)
   defining Unicode char U+0120 (decimal 288)
   defining Unicode char U+0121 (decimal 289)
   defining Unicode char U+0122 (decimal 290)
   defining Unicode char U+0123 (decimal 291)
   defining Unicode char U+0124 (decimal 292)
   defining Unicode char U+0125 (decimal 293)
   defining Unicode char U+0128 (decimal 296)
   defining Unicode char U+0129 (decimal 297)
   defining Unicode char U+012A (decimal 298)
   defining Unicode char U+012B (decimal 299)
   defining Unicode char U+012C (decimal 300)
   defining Unicode char U+012D (decimal 301)
   defining Unicode char U+012E (decimal 302)
   defining Unicode char U+012F (decimal 303)
   defining Unicode char U+0130 (decimal 304)
   defining Unicode char U+0131 (decimal 305)
   defining Unicode char U+0132 (decimal 306)
   defining Unicode char U+0133 (decimal 307)
   defining Unicode char U+0134 (decimal 308)
   defining Unicode char U+0135 (decimal 309)
   defining Unicode char U+0136 (decimal 310)
   defining Unicode char U+0137 (decimal 311)
   defining Unicode char U+0139 (decimal 313)
   defining Unicode char U+013A (decimal 314)
   defining Unicode char U+013B (decimal 315)
   defining Unicode char U+013C (decimal 316)
   defining Unicode char U+013D (decimal 317)
   defining Unicode char U+013E (decimal 318)
   defining Unicode char U+0141 (decimal 321)
   defining Unicode char U+0142 (decimal 322)
   defining Unicode char U+0143 (decimal 323)
   defining Unicode char U+0144 (decimal 324)
   defining Unicode char U+0145 (decimal 325)
   defining Unicode char U+0146 (decimal 326)
   defining Unicode char U+0147 (decimal 327)
   defining Unicode char U+0148 (decimal 328)
   defining Unicode char U+014A (decimal 330)
   defining Unicode char U+014B (decimal 331)
   defining Unicode char U+014C (decimal 332)
   defining Unicode char U+014D (decimal 333)
   defining Unicode char U+014E (decimal 334)
   defining Unicode char U+014F (decimal 335)
   defining Unicode char U+0150 (decimal 336)
   defining Unicode char U+0151 (decimal 337)
   defining Unicode char U+0152 (decimal 338)
   defining Unicode char U+0153 (decimal 339)
   defining Unicode char U+0154 (decimal 340)
   defining Unicode char U+0155 (decimal 341)
   defining Unicode char U+0156 (decimal 342)
   defining Unicode char U+0157 (decimal 343)
   defining Unicode char U+0158 (decimal 344)
   defining Unicode char U+0159 (decimal 345)
   defining Unicode char U+015A (decimal 346)
   defining Unicode char U+015B (decimal 347)
   defining Unicode char U+015C (decimal 348)
   defining Unicode char U+015D (decimal 349)
   defining Unicode char U+015E (decimal 350)
   defining Unicode char U+015F (decimal 351)
   defining Unicode char U+0160 (decimal 352)
   defining Unicode char U+0161 (decimal 353)
   defining Unicode char U+0162 (decimal 354)
   defining Unicode char U+0163 (decimal 355)
   defining Unicode char U+0164 (decimal 356)
   defining Unicode char U+0165 (decimal 357)
   defining Unicode char U+0168 (decimal 360)
   defining Unicode char U+0169 (decimal 361)
   defining Unicode char U+016A (decimal 362)
   defining Unicode char U+016B (decimal 363)
   defining Unicode char U+016C (decimal 364)
   defining Unicode char U+016D (decimal 365)
   defining Unicode char U+016E (decimal 366)
   defining Unicode char U+016F (decimal 367)
   defining Unicode char U+0170 (decimal 368)
   defining Unicode char U+0171 (decimal 369)
   defining Unicode char U+0172 (decimal 370)
   defining Unicode char U+0173 (decimal 371)
   defining Unicode char U+0174 (decimal 372)
   defining Unicode char U+0175 (decimal 373)
   defining Unicode char U+0176 (decimal 374)
   defining Unicode char U+0177 (decimal 375)
   defining Unicode char U+0178 (decimal 376)
   defining Unicode char U+0179 (decimal 377)
   defining Unicode char U+017A (decimal 378)
   defining Unicode char U+017B (decimal 379)
   defining Unicode char U+017C (decimal 380)
   defining Unicode char U+017D (decimal 381)
   defining Unicode char U+017E (decimal 382)
   defining Unicode char U+01CD (decimal 461)
   defining Unicode char U+01CE (decimal 462)
   defining Unicode char U+01CF (decimal 463)
   defining Unicode char U+01D0 (decimal 464)
   defining Unicode char U+01D1 (decimal 465)
   defining Unicode char U+01D2 (decimal 466)
   defining Unicode char U+01D3 (decimal 467)
   defining Unicode char U+01D4 (decimal 468)
   defining Unicode char U+01E2 (decimal 482)
   defining Unicode char U+01E3 (decimal 483)
   defining Unicode char U+01E6 (decimal 486)
   defining Unicode char U+01E7 (decimal 487)
   defining Unicode char U+01E8 (decimal 488)
   defining Unicode char U+01E9 (decimal 489)
   defining Unicode char U+01EA (decimal 490)
   defining Unicode char U+01EB (decimal 491)
   defining Unicode char U+01F0 (decimal 496)
   defining Unicode char U+01F4 (decimal 500)
   defining Unicode char U+01F5 (decimal 501)
   defining Unicode char U+0218 (decimal 536)
   defining Unicode char U+0219 (decimal 537)
   defining Unicode char U+021A (decimal 538)
   defining Unicode char U+021B (decimal 539)
   defining Unicode char U+0232 (decimal 562)
   defining Unicode char U+0233 (decimal 563)
   defining Unicode char U+1E02 (decimal 7682)
   defining Unicode char U+1E03 (decimal 7683)
   defining Unicode char U+200C (decimal 8204)
   defining Unicode char U+2010 (decimal 8208)
   defining Unicode char U+2011 (decimal 8209)
   defining Unicode char U+2012 (decimal 8210)
   defining Unicode char U+2013 (decimal 8211)
   defining Unicode char U+2014 (decimal 8212)
   defining Unicode char U+2015 (decimal 8213)
   defining Unicode char U+2018 (decimal 8216)
   defining Unicode char U+2019 (decimal 8217)
   defining Unicode char U+201A (decimal 8218)
   defining Unicode char U+201C (decimal 8220)
   defining Unicode char U+201D (decimal 8221)
   defining Unicode char U+201E (decimal 8222)
   defining Unicode char U+2030 (decimal 8240)
   defining Unicode char U+2031 (decimal 8241)
   defining Unicode char U+2039 (decimal 8249)
   defining Unicode char U+203A (decimal 8250)
   defining Unicode char U+2423 (decimal 9251)
   defining Unicode char U+1E20 (decimal 7712)
   defining Unicode char U+1E21 (decimal 7713)
)
Now handling font encoding OT1 ...
... processing UTF-8 mapping file for font encoding OT1

(/usr/share/texlive/texmf-dist/tex/latex/base/ot1enc.dfu
File: ot1enc.dfu 2017/01/28 v1.1t UTF-8 support for inputenc
   defining Unicode char U+00A0 (decimal 160)
   defining Unicode char U+00A1 (decimal 161)
   defining Unicode char U+00A3 (decimal 163)
   defining Unicode char U+00AD (decimal 173)
   defining Unicode char U+00B8 (decimal 184)
   defining Unicode char U+00BF (decimal 191)
   defining Unicode char U+00C5 (decimal 197)
   defining Unicode char U+00C6 (decimal 198)
   defining Unicode char U+00D8 (decimal 216)
   defining Unicode char U+00DF (decimal 223)
   defining Unicode char U+00E6 (decimal 230)
   defining Unicode char U+00EC (decimal 236)
   defining Unicode char U+00ED (decimal 237)
   defining Unicode char U+00EE (decimal 238)
   defining Unicode char U+00EF (decimal 239)
   defining Unicode char U+00F8 (decimal 248)
   defining Unicode char U+0131 (decimal 305)
   defining Unicode char U+0141 (decimal 321)
   defining Unicode char U+0142 (decimal 322)
   defining Unicode char U+0152 (decimal 338)
   defining Unicode char U+0153 (decimal 339)
   defining Unicode char U+0174 (decimal 372)
   defining Unicode char U+0175 (decimal 373)
   defining Unicode char U+0176 (decimal 374)
   defining Unicode char U+0177 (decimal 375)
   defining Unicode char U+0218 (decimal 536)
   defining Unicode char U+0219 (decimal 537)
   defining Unicode char U+021A (decimal 538)
   defining Unicode char U+021B (decimal 539)
   defining Unicode char U+2013 (decimal 8211)
   defining Unicode char U+2014 (decimal 8212)
   defining Unicode char U+2018 (decimal 8216)
   defining Unicode char U+2019 (decimal 8217)
   defining Unicode char U+201C (decimal 8220)
   defining Unicode char U+201D (decimal 8221)
)
Now handling font encoding OMS ...
... processing UTF-8 mapping file for font encoding OMS

(/usr/share/texlive/texmf-dist/tex/latex/base/omsenc.dfu
File: omsenc.dfu 2017/01/28 v1.1t UTF-8 support for inputenc
   defining Unicode char U+00A7 (decimal 167)
   defining Unicode char U+00B6 (decimal 182)
   defining Unicode char U+00B7 (decimal 183)
   defining Unicode char U+2020 (decimal 8224)
   defining Unicode char U+2021 (decimal 8225)
   defining Unicode char U+2022 (decimal 8226)
)
Now handling font encoding OMX ...
... no UTF-8 mapping file for font encoding OMX
Now handling font encoding U ...
... no UTF-8 mapping file for font encoding U
   defining Unicode char U+00A9 (decimal 169)
   defining Unicode char U+00AA (decimal 170)
   defining Unicode char U+00AE (decimal 174)
   defining Unicode char U+00BA (decimal 186)
   defining Unicode char U+02C6 (decimal 710)
   defining Unicode char U+02DC (decimal 732)
   defining Unicode char U+200C (decimal 8204)
   defining Unicode char U+2026 (decimal 8230)
   defining Unicode char U+2122 (decimal 8482)
   defining Unicode char U+2423 (decimal 9251)
))
(/usr/share/texlive/texmf-dist/tex/latex/xcolor/xcolor.sty
Package: xcolor 2016/05/11 v2.12 LaTeX color extensions (UK)

(/usr/share/texlive/texmf-dist/tex/latex/graphics-cfg/color.cfg
File: color.cfg 2016/01/02 v1.6 sample color configuration
)
Package xcolor Info: Driver file: pdftex.def on input line 225.

(/usr/share/texlive/texmf-dist/tex/latex/graphics-def/pdftex.def
File: pdftex.def 2018/01/08 v1.0l Graphics/color driver for pdftex
)
(/usr/share/texlive/texmf-dist/tex/latex/colortbl/colortbl.sty
Package: colortbl 2012/02/13 v1.0a Color table columns (DPC)

(/usr/share/texlive/texmf-dist/tex/latex/tools/array.sty
Package: array 2016/10/06 v2.4d Tabular extension package (FMi)
\col@sep=\dimen103
\extrarowheight=\dimen104
\NC@list=\toks16
\extratabsurround=\skip43
\backup@length=\skip44
)
\everycr=\toks17
\minrowclearance=\skip45
)
\rownum=\count88
Package xcolor Info: Model `cmy' substituted by `cmy0' on input line 1348.
Package xcolor Info: Model `hsb' substituted by `rgb' on input line 1352.
Package xcolor Info: Model `RGB' extended on input line 1364.
Package xcolor Info: Model `HTML' substituted by `rgb' on input line 1366.
Package xcolor Info: Model `Hsb' substituted by `hsb' on input line 1367.
Package xcolor Info: Model `tHsb' substituted by `hsb' on input line 1368.
Package xcolor Info: Model `HSB' substituted by `hsb' on input line 1369.
Package xcolor Info: Model `Gray' substituted by `gray' on input line 1370.
Package xcolor Info: Model `wave' substituted by `hsb' on input line 1371.
)
(/usr/share/texlive/texmf-dist/tex/generic/babel/babel.sty
Package: babel 2018/02/14 3.18 The Babel package

(/usr/share/texlive/texmf-dist/tex/generic/babel/switch.def
File: switch.def 2018/02/14 3.18 Babel switching mechanism
)
(/usr/share/texlive/texmf-dist/tex/generic/babel-spanish/spanish.ldf
Language: spanish.ldf 2016/03/03 v5.0p Spanish support from the babel system

(/usr/share/texlive/texmf-dist/tex/generic/babel/babel.def
File: babel.def 2018/02/14 3.18 Babel common definitions
\babel@savecnt=\count89
\U@D=\dimen105

(/usr/share/texlive/texmf-dist/tex/generic/babel/txtbabel.def)
\bbl@dirlevel=\count90
)
\es@quottoks=\toks18
\es@quotdepth=\count91
Package babel Info: Making " an active character on input line 561.
Package babel Info: Making . an active character on input line 662.
Package babel Info: Making < an active character on input line 707.
Package babel Info: Making > an active character on input line 707.
))
(/usr/share/texlive/texmf-dist/tex/latex/amsmath/amsmath.sty
Package: amsmath 2017/09/02 v2.17a AMS math features
\@mathmargin=\skip46

For additional information on amsmath, use the `?' option.
(/usr/share/texlive/texmf-dist/tex/latex/amsmath/amstext.sty
Package: amstext 2000/06/29 v2.01 AMS text

(/usr/share/texlive/texmf-dist/tex/latex/amsmath/amsgen.sty
File: amsgen.sty 1999/11/30 v2.0 generic functions
\@emptytoks=\toks19
\ex@=\dimen106
))
(/usr/share/texlive/texmf-dist/tex/latex/amsmath/amsbsy.sty
Package: amsbsy 1999/11/29 v1.2d Bold Symbols
\pmbraise@=\dimen107
)
(/usr/share/texlive/texmf-dist/tex/latex/amsmath/amsopn.sty
Package: amsopn 2016/03/08 v2.02 operator names
)
\inf@bad=\count92
LaTeX Info: Redefining \frac on input line 213.
\uproot@=\count93
\leftroot@=\count94
LaTeX Info: Redefining \overline on input line 375.
\classnum@=\count95
\DOTSCASE@=\count96
LaTeX Info: Redefining \ldots on input line 472.
LaTeX Info: Redefining \dots on input line 475.
LaTeX Info: Redefining \cdots on input line 596.
\Mathstrutbox@=\box26
\strutbox@=\box27
\big@size=\dimen108
LaTeX Font Info:    Redeclaring font encoding OML on input line 712.
LaTeX Font Info:    Redeclaring font encoding OMS on input line 713.
\macc@depth=\count97
\c@MaxMatrixCols=\count98
\dotsspace@=\muskip10
\c@parentequation=\count99
\dspbrk@lvl=\count100
\tag@help=\toks20
\row@=\count101
\column@=\count102
\maxfields@=\count103
\andhelp@=\toks21
\eqnshift@=\dimen109
\alignsep@=\dimen110
\tagshift@=\dimen111
\tagwidth@=\dimen112
\totwidth@=\dimen113
\lineht@=\dimen114
\@envbody=\toks22
\multlinegap=\skip47
\multlinetaggap=\skip48
\mathdisplay@stack=\toks23
LaTeX Info: Redefining \[ on input line 2817.
LaTeX Info: Redefining \] on input line 2818.
)
(/usr/share/texlive/texmf-dist/tex/latex/amsfonts/amsfonts.sty
Package: amsfonts 2013/01/14 v3.01 Basic AMSFonts support
\symAMSa=\mathgroup4
\symAMSb=\mathgroup5
LaTeX Font Info:    Overwriting math alphabet `\mathfrak' in version `bold'
(Font)                  U/euf/m/n --> U/euf/b/n on input line 106.
)
(/usr/share/texlive/texmf-dist/tex/latex/amsfonts/amssymb.sty
Package: amssymb 2013/01/14 v3.01 AMS font symbols
)
(/usr/share/texlive/texmf-dist/tex/latex/svg/svg.sty
Package: svg 2017/11/29 v2.01 (include SVG pictures)

(/usr/share/texlive/texmf-dist/tex/latex/koma-script/scrbase.sty
Package: scrbase 2017/09/07 v3.24 KOMA-Script package (KOMA-Script-independent 
basics and keyval usage)

(/usr/share/texlive/texmf-dist/tex/latex/graphics/keyval.sty
Package: keyval 2014/10/28 v1.15 key=value parser (DPC)
\KV@toks@=\toks24
)
(/usr/share/texlive/texmf-dist/tex/latex/koma-script/scrlfile.sty
Package: scrlfile 2017/09/07 v3.24 KOMA-Script package (loading files)
))
(/usr/share/texlive/texmf-dist/tex/generic/ifxetex/ifxetex.sty
Package: ifxetex 2010/09/12 v0.6 Provides ifxetex conditional
)
(/usr/share/texlive/texmf-dist/tex/generic/oberdiek/ifluatex.sty
Package: ifluatex 2016/05/16 v1.4 Provides the ifluatex switch (HO)
Package ifluatex Info: LuaTeX not detected.
)
(/usr/share/texlive/texmf-dist/tex/generic/oberdiek/ifpdf.sty
Package: ifpdf 2017/03/15 v3.2 Provides the ifpdf switch
)
(/usr/share/texlive/texmf-dist/tex/generic/oberdiek/pdftexcmds.sty
Package: pdftexcmds 2018/01/21 v0.26 Utility functions of pdfTeX for LuaTeX (HO
)

(/usr/share/texlive/texmf-dist/tex/generic/oberdiek/infwarerr.sty
Package: infwarerr 2016/05/16 v1.4 Providing info/warning/error messages (HO)
)
(/usr/share/texlive/texmf-dist/tex/generic/oberdiek/ltxcmds.sty
Package: ltxcmds 2016/05/16 v1.23 LaTeX kernel commands for general use (HO)
)
Package pdftexcmds Info: LuaTeX not detected.
Package pdftexcmds Info: \pdf@primitive is available.
Package pdftexcmds Info: \pdf@ifprimitive is available.
Package pdftexcmds Info: \pdfdraftmode found.
)
(/usr/share/texlive/texmf-dist/tex/latex/tools/shellesc.sty
Package: shellesc 2016/06/07 v0.02a unified shell escape interface for LaTeX
Package shellesc Info: Restricted shell escape enabled on input line 69.
)
(/usr/share/texlive/texmf-dist/tex/latex/graphics/graphicx.sty
Package: graphicx 2017/06/01 v1.1a Enhanced LaTeX Graphics (DPC,SPQR)

(/usr/share/texlive/texmf-dist/tex/latex/graphics/graphics.sty
Package: graphics 2017/06/25 v1.2c Standard LaTeX Graphics (DPC,SPQR)

(/usr/share/texlive/texmf-dist/tex/latex/graphics/trig.sty
Package: trig 2016/01/03 v1.10 sin cos tan (DPC)
)
(/usr/share/texlive/texmf-dist/tex/latex/graphics-cfg/graphics.cfg
File: graphics.cfg 2016/06/04 v1.11 sample graphics configuration
)
Package graphics Info: Driver file: pdftex.def on input line 99.
)
\Gin@req@height=\dimen115
\Gin@req@width=\dimen116
)
\c@svg@param@lastpage=\count104
\c@svg@param@currpage=\count105
)
(/usr/share/texlive/texmf-dist/tex/latex/oberdiek/transparent.sty
Package: transparent 2016/05/16 v1.1 Transparency via pdfTeX's color stack (HO)


(/usr/share/texlive/texmf-dist/tex/latex/oberdiek/auxhook.sty
Package: auxhook 2016/05/16 v1.4 Hooks for auxiliary files (HO)
))
(/usr/share/texlive/texmf-dist/tex/latex/slashbox/slashbox.sty
slashbox style by K.Yasuoka, May 1993.
\@slashboxa=\box28
\@slashboxb=\box29
\@slashboxc=\box30
\@slashboxwd=\count106
\@slashboxht=\count107
\@slashsepl=\dimen117
\@slashsepr=\dimen118
) (/usr/share/texlive/texmf-dist/tex/latex/geometry/geometry.sty
Package: geometry 2010/09/12 v5.6 Page Geometry

(/usr/share/texlive/texmf-dist/tex/generic/oberdiek/ifvtex.sty
Package: ifvtex 2016/05/16 v1.6 Detect VTeX and its facilities (HO)
Package ifvtex Info: VTeX not detected.
)
\Gm@cnth=\count108
\Gm@cntv=\count109
\c@Gm@tempcnt=\count110
\Gm@bindingoffset=\dimen119
\Gm@wd@mp=\dimen120
\Gm@odd@mp=\dimen121
\Gm@even@mp=\dimen122
\Gm@layoutwidth=\dimen123
\Gm@layoutheight=\dimen124
\Gm@layouthoffset=\dimen125
\Gm@layoutvoffset=\dimen126
\Gm@dimlist=\toks25
)
(/usr/share/texlive/texmf-dist/tex/latex/setspace/setspace.sty
Package: setspace 2011/12/19 v6.7a set line spacing
) (./document.aux
LaTeX Info: Redefining \. on input line 7.
LaTeX Info: Redefining \% on input line 7.
)
\openout1 = `document.aux'.

LaTeX Font Info:    Checking defaults for OML/cmm/m/it on input line 18.
LaTeX Font Info:    ... okay on input line 18.
LaTeX Font Info:    Checking defaults for T1/cmr/m/n on input line 18.
LaTeX Font Info:    ... okay on input line 18.
LaTeX Font Info:    Checking defaults for OT1/cmr/m/n on input line 18.
LaTeX Font Info:    ... okay on input line 18.
LaTeX Font Info:    Checking defaults for OMS/cmsy/m/n on input line 18.
LaTeX Font Info:    ... okay on input line 18.
LaTeX Font Info:    Checking defaults for OMX/cmex/m/n on input line 18.
LaTeX Font Info:    ... okay on input line 18.
LaTeX Font Info:    Checking defaults for U/cmr/m/n on input line 18.
LaTeX Font Info:    ... okay on input line 18.
 (/usr/share/texlive/texmf-dist/tex/context/base/mkii/supp-pdf.mkii
[Loading MPS to PDF converter (version 2006.09.02).]
\scratchcounter=\count111
\scratchdimen=\dimen127
\scratchbox=\box31
\nofMPsegments=\count112
\nofMParguments=\count113
\everyMPshowfont=\toks26
\MPscratchCnt=\count114
\MPscratchDim=\dimen128
\MPnumerator=\count115
\makeMPintoPDFobject=\count116
\everyMPtoPDFconversion=\toks27
) (/usr/share/texlive/texmf-dist/tex/latex/oberdiek/epstopdf-base.sty
Package: epstopdf-base 2016/05/15 v2.6 Base part for package epstopdf

(/usr/share/texlive/texmf-dist/tex/latex/oberdiek/grfext.sty
Package: grfext 2016/05/16 v1.2 Manage graphics extensions (HO)

(/usr/share/texlive/texmf-dist/tex/generic/oberdiek/kvdefinekeys.sty
Package: kvdefinekeys 2016/05/16 v1.4 Define keys (HO)
))
(/usr/share/texlive/texmf-dist/tex/latex/oberdiek/kvoptions.sty
Package: kvoptions 2016/05/16 v3.12 Key value format for package options (HO)

(/usr/share/texlive/texmf-dist/tex/generic/oberdiek/kvsetkeys.sty
Package: kvsetkeys 2016/05/16 v1.17 Key value parser (HO)

(/usr/share/texlive/texmf-dist/tex/generic/oberdiek/etexcmds.sty
Package: etexcmds 2016/05/16 v1.6 Avoid name clashes with e-TeX commands (HO)
Package etexcmds Info: Could not find \expanded.
(etexcmds)             That can mean that you are not using pdfTeX 1.50 or
(etexcmds)             that some package has redefined \expanded.
(etexcmds)             In the latter case, load this package earlier.
)))
Package epstopdf-base Info: Redefining graphics rule for `.eps' on input line 4
38.
Package grfext Info: Graphics extension search list:
(grfext)             [.pdf,.png,.jpg,.mps,.jpeg,.jbig2,.jb2,.PDF,.PNG,.JPG,.JPE
G,.JBIG2,.JB2,.eps]
(grfext)             \AppendGraphicsExtensions on input line 456.

(/usr/share/texlive/texmf-dist/tex/latex/latexconfig/epstopdf-sys.cfg
File: epstopdf-sys.cfg 2010/07/13 v1.3 Configuration of (r)epstopdf for TeX Liv
e
))
LaTeX Info: Redefining \. on input line 18.
LaTeX Info: Redefining \% on input line 18.

*geometry* driver: auto-detecting
*geometry* detected driver: pdftex
*geometry* verbose mode - [ preamble ] result:
* driver: pdftex
* paper: letterpaper
* layout: <same size as paper>
* layoutoffset:(h,v)=(0.0pt,0.0pt)
* modes: 
* h-part:(L,W,R)=(85.35826pt, 486.25761pt, 42.67912pt)
* v-part:(T,H,B)=(42.67912pt, 695.38536pt, 56.9055pt)
* \paperwidth=614.295pt
* \paperheight=794.96999pt
* \textwidth=486.25761pt
* \textheight=695.38536pt
* \oddsidemargin=13.08827pt
* \evensidemargin=13.08827pt
* \topmargin=-61.46466pt
* \headheight=12.0pt
* \headsep=19.8738pt
* \topskip=12.0pt
* \footskip=30.0pt
* \marginparwidth=47.0pt
* \marginparsep=7.0pt
* \columnsep=10.0pt
* \skip\footins=10.8pt plus 4.0pt minus 2.0pt
* \hoffset=0.0pt
* \voffset=0.0pt
* \mag=1000
* \@twocolumnfalse
* \@twosidefalse
* \@mparswitchfalse
* \@reversemarginfalse
* (1in=72.27pt=25.4mm, 1cm=28.453pt)

<Escudo.pdf, id=1, 1003.75pt x 1363.0925pt>
File: Escudo.pdf Graphic file (type pdf)
<use Escudo.pdf>
Package pdftex.def Info: Escudo.pdf  used on input line 51.
(pdftex.def)             Requested size: 142.26378pt x 193.18195pt.

Underfull \hbox (badness 10000) detected at line 62
\OT1/cmr/m/n/17.28 QUE PARA OBTENER EL T[]ITULO DE
 []


Underfull \hbox (badness 10000) detected at line 68
\OT1/cmr/m/n/17.28 P R E S E N T A
 []

[1


{/var/lib/texmf/fonts/map/pdftex/updmap/pdftex.map} <./Escudo.pdf>] [1]
[2] [3

] (./document.toc
LaTeX Info: Redefining \. on input line 1.
LaTeX Info: Redefining \% on input line 1.
LaTeX Font Info:    Try loading font information for U+msa on input line 4.

(/usr/share/texlive/texmf-dist/tex/latex/amsfonts/umsa.fd
File: umsa.fd 2013/01/14 v3.01 AMS symbols A
)
LaTeX Font Info:    Try loading font information for U+msb on input line 4.

(/usr/share/texlive/texmf-dist/tex/latex/amsfonts/umsb.fd
File: umsb.fd 2013/01/14 v3.01 AMS symbols B
))
\tf@toc=\write3
\openout3 = `document.toc'.

 [4

] (./document.lof
LaTeX Info: Redefining \. on input line 1.
LaTeX Info: Redefining \% on input line 1.
[5

])
\tf@lof=\write4
\openout4 = `document.lof'.

 [6]
Cap\'{\i }tulo 1.
[1

] [2] [3]
Cap\'{\i }tulo 2.
[4

] [5] [6] [7]
Cap\'{\i }tulo 3.
[8

] [9] [10] [11]
<Figures/noT.jpeg, id=77, 462.528pt x 346.896pt>
File: Figures/noT.jpeg Graphic file (type jpg)
<use Figures/noT.jpeg>
Package pdftex.def Info: Figures/noT.jpeg  used on input line 463.
(pdftex.def)             Requested size: 227.62204pt x 170.71628pt.

Overfull \hbox (8.8076pt too wide) in paragraph at lines 463--464
 [][] 
 []

<Figures/10T.png, id=78, 462.528pt x 346.896pt>
File: Figures/10T.png Graphic file (type png)
<use Figures/10T.png>
Package pdftex.def Info: Figures/10T.png  used on input line 467.
(pdftex.def)             Requested size: 227.62204pt x 170.71628pt.

Overfull \hbox (8.8076pt too wide) in paragraph at lines 467--468
 [][] 
 []


LaTeX Warning: `!h' float specifier changed to `!ht'.

[12]
<Figures/Eta05.png, id=84, 462.528pt x 346.896pt>
File: Figures/Eta05.png Graphic file (type png)
<use Figures/Eta05.png>
Package pdftex.def Info: Figures/Eta05.png  used on input line 482.
(pdftex.def)             Requested size: 199.17252pt x 142.26532pt.

Overfull \hbox (28.97939pt too wide) in paragraph at lines 482--483
 [][] 
 []

<Figures/Eta20.png, id=85, 462.528pt x 346.896pt>
File: Figures/Eta20.png Graphic file (type png)
<use Figures/Eta20.png>
Package pdftex.def Info: Figures/Eta20.png  used on input line 486.
(pdftex.def)             Requested size: 199.17252pt x 142.26532pt.

Overfull \hbox (28.97939pt too wide) in paragraph at lines 486--487
 [][] 
 []

[13 <./Figures/noT.jpeg> <./Figures/10T.png> <./Figures/Eta05.png> <./Figures/E
ta20.png>] [14] [15] [16] [17]
Cap\'{\i }tulo 4.
<FigsJPG/PhaseSpace_a.jpeg, id=105, 693.792pt x 445.9059pt>
File: FigsJPG/PhaseSpace_a.jpeg Graphic file (type jpg)
<use FigsJPG/PhaseSpace_a.jpeg>
Package pdftex.def Info: FigsJPG/PhaseSpace_a.jpeg  used on input line 640.
(pdftex.def)             Requested size: 170.71628pt x 128.03705pt.

Overfull \hbox (15.11029pt too wide) in paragraph at lines 640--641
[][] 
 []

<FigsJPG/PhaseSpace_b.jpeg, id=106, 654.0435pt x 431.4519pt>
File: FigsJPG/PhaseSpace_b.jpeg Graphic file (type jpg)
<use FigsJPG/PhaseSpace_b.jpeg>
Package pdftex.def Info: FigsJPG/PhaseSpace_b.jpeg  used on input line 643.
(pdftex.def)             Requested size: 170.71594pt x 128.04088pt.

Overfull \hbox (15.10995pt too wide) in paragraph at lines 643--644
[][] 
 []

<FigsJPG/PhaseSpace_c.jpeg, id=107, 642.4803pt x 456.7464pt>
File: FigsJPG/PhaseSpace_c.jpeg Graphic file (type jpg)
<use FigsJPG/PhaseSpace_c.jpeg>
Package pdftex.def Info: FigsJPG/PhaseSpace_c.jpeg  used on input line 646.
(pdftex.def)             Requested size: 170.71722pt x 128.03447pt.

Overfull \hbox (15.11124pt too wide) in paragraph at lines 646--647
[][] 
 []

<FigsJPG/PhaseSpace_dd.jpeg, id=108, 740.7675pt x 458.9145pt>
File: FigsJPG/PhaseSpace_dd.jpeg Graphic file (type jpg)
<use FigsJPG/PhaseSpace_dd.jpeg>
Package pdftex.def Info: FigsJPG/PhaseSpace_dd.jpeg  used on input line 651.
(pdftex.def)             Requested size: 170.71204pt x 128.03302pt.

Overfull \hbox (15.10605pt too wide) in paragraph at lines 651--652
[][] 
 []

<FigsJPG/PhaseSpace_ee.jpeg, id=109, 710.4141pt x 458.9145pt>
File: FigsJPG/PhaseSpace_ee.jpeg Graphic file (type jpg)
<use FigsJPG/PhaseSpace_ee.jpeg>
Package pdftex.def Info: FigsJPG/PhaseSpace_ee.jpeg  used on input line 654.
(pdftex.def)             Requested size: 170.70882pt x 128.03302pt.

Overfull \hbox (15.10283pt too wide) in paragraph at lines 654--655
[][] 
 []

<FigsJPG/PhaseSpace_ff.jpeg, id=110, 705.3552pt x 460.3599pt>
File: FigsJPG/PhaseSpace_ff.jpeg Graphic file (type jpg)
<use FigsJPG/PhaseSpace_ff.jpeg>
Package pdftex.def Info: FigsJPG/PhaseSpace_ff.jpeg  used on input line 657.
(pdftex.def)             Requested size: 170.7094pt x 128.03587pt.

Overfull \hbox (15.10341pt too wide) in paragraph at lines 657--658
[][] 
 []

<FigsJPG/PhaseSpace_g.jpeg, id=111, 737.8767pt x 459.6372pt>
File: FigsJPG/PhaseSpace_g.jpeg Graphic file (type jpg)
<use FigsJPG/PhaseSpace_g.jpeg>
Package pdftex.def Info: FigsJPG/PhaseSpace_g.jpeg  used on input line 662.
(pdftex.def)             Requested size: 170.71013pt x 128.03827pt.

Overfull \hbox (15.10414pt too wide) in paragraph at lines 662--663
[][] 
 []

<FigsJPG/PhaseSpace_h.jpeg, id=112, 672.111pt x 456.7464pt>
File: FigsJPG/PhaseSpace_h.jpeg Graphic file (type jpg)
<use FigsJPG/PhaseSpace_h.jpeg>
Package pdftex.def Info: FigsJPG/PhaseSpace_h.jpeg  used on input line 665.
(pdftex.def)             Requested size: 170.7143pt x 128.03447pt.

Overfull \hbox (15.1083pt too wide) in paragraph at lines 665--666
[][] 
 []

<FigsJPG/PhaseSpace_i.jpeg, id=113, 645.3711pt x 455.301pt>
File: FigsJPG/PhaseSpace_i.jpeg Graphic file (type jpg)
<use FigsJPG/PhaseSpace_i.jpeg>
Package pdftex.def Info: FigsJPG/PhaseSpace_i.jpeg  used on input line 668.
(pdftex.def)             Requested size: 170.71725pt x 128.03224pt.

Overfull \hbox (15.11127pt too wide) in paragraph at lines 668--669
[][] 
 []


LaTeX Warning: `!h' float specifier changed to `!ht'.

[18

] [19 <./FigsJPG/PhaseSpace_a.jpeg> <./FigsJPG/PhaseSpace_b.jpeg> <./FigsJPG/Ph
aseSpace_c.jpeg> <./FigsJPG/PhaseSpace_dd.jpeg> <./FigsJPG/PhaseSpace_ee.jpeg> 
<./FigsJPG/PhaseSpace_ff.jpeg> <./FigsJPG/PhaseSpace_g.jpeg> <./FigsJPG/PhaseSp
ace_h.jpeg> <./FigsJPG/PhaseSpace_i.jpeg>]
<last_figures/dist_functions.jpg, id=121, 867.24pt x 1084.05pt>
File: last_figures/dist_functions.jpg Graphic file (type jpg)
<use last_figures/dist_functions.jpg>
Package pdftex.def Info: last_figures/dist_functions.jpg  used on input line 69
2.
(pdftex.def)             Requested size: 413.32193pt x 516.6494pt.
 [20 <./last_figures/dist_functions.jpg>]
<FigsJPG/frecuencias_wk.jpg, id=125, 722.7pt x 505.89pt>
File: FigsJPG/frecuencias_wk.jpg Graphic file (type jpg)
<use FigsJPG/frecuencias_wk.jpg>
Package pdftex.def Info: FigsJPG/frecuencias_wk.jpg  used on input line 705.
(pdftex.def)             Requested size: 340.37885pt x 238.26236pt.
<FigsJPG/dist_function_eta_1-00.jpg, id=126, 1084.05pt x 505.89pt>
File: FigsJPG/dist_function_eta_1-00.jpg Graphic file (type jpg)
<use FigsJPG/dist_function_eta_1-00.jpg>
Package pdftex.def Info: FigsJPG/dist_function_eta_1-00.jpg  used on input line
 713.
(pdftex.def)             Requested size: 437.62888pt x 204.22818pt.
<FigsJPG/dist_function_eta_0-25.jpg, id=127, 1084.05pt x 505.89pt>
File: FigsJPG/dist_function_eta_0-25.jpg Graphic file (type jpg)
<use FigsJPG/dist_function_eta_0-25.jpg>
Package pdftex.def Info: FigsJPG/dist_function_eta_0-25.jpg  used on input line
 716.
(pdftex.def)             Requested size: 437.62888pt x 204.22818pt.


LaTeX Warning: `!h' float specifier changed to `!ht'.

[21 <./FigsJPG/frecuencias_wk.jpg>]
<Figs/CalorMapk45T0.pdf, id=131, 984.31741pt x 404.712pt>
File: Figs/CalorMapk45T0.pdf Graphic file (type pdf)
<use Figs/CalorMapk45T0.pdf>
Package pdftex.def Info: Figs/CalorMapk45T0.pdf  used on input line 732.
(pdftex.def)             Requested size: 458.08954pt x 188.34352pt.

Overfull \hbox (20.46066pt too wide) in paragraph at lines 732--734
 [][] 
 []

<Figures/WignerFunctions1.jpeg, id=132, 371.3875pt x 404.51125pt>
File: Figures/WignerFunctions1.jpeg Graphic file (type jpg)
<use Figures/WignerFunctions1.jpeg>
Package pdftex.def Info: Figures/WignerFunctions1.jpeg  used on input line 738.

(pdftex.def)             Requested size: 170.71652pt x 185.9478pt.
<Figures/WignerFunctions2.jpeg, id=133, 504.88625pt x 403.5075pt>
File: Figures/WignerFunctions2.jpeg Graphic file (type jpg)
<use Figures/WignerFunctions2.jpeg>
Package pdftex.def Info: Figures/WignerFunctions2.jpeg  used on input line 745.

(pdftex.def)             Requested size: 227.33766pt x 181.68752pt.

Overfull \hbox (11.13431pt too wide) in paragraph at lines 744--746
[]  [] 
 []

<Figs/CalorMapk45T5.pdf, id=134, 898.31612pt x 417.7206pt>
File: Figs/CalorMapk45T5.pdf Graphic file (type pdf)
<use Figs/CalorMapk45T5.pdf>
Package pdftex.def Info: Figs/CalorMapk45T5.pdf  used on input line 763.
(pdftex.def)             Requested size: 412.56496pt x 191.84148pt.

Overfull \hbox (23.55739pt too wide) in paragraph at lines 763--765
 [][] 
 []

File: Figures/WignerFunctions1.jpeg Graphic file (type jpg)
<use Figures/WignerFunctions1.jpeg>
Package pdftex.def Info: Figures/WignerFunctions1.jpeg  used on input line 770.

(pdftex.def)             Requested size: 152.22241pt x 165.8013pt.
File: Figures/WignerFunctions2.jpeg Graphic file (type jpg)
<use Figures/WignerFunctions2.jpeg>
Package pdftex.def Info: Figures/WignerFunctions2.jpeg  used on input line 777.

(pdftex.def)             Requested size: 204.85974pt x 163.7275pt.

Overfull \hbox (47.83548pt too wide) in paragraph at lines 776--778
[]  [] 
 []


LaTeX Warning: `!h' float specifier changed to `!ht'.

[22 <./FigsJPG/dist_function_eta_1-00.jpg> <./FigsJPG/dist_function_eta_0-25.jp
g>] [23 <./Figs/CalorMapk45T0.pdf> <./Figures/WignerFunctions1.jpeg> <./Figures
/WignerFunctions2.jpeg>] [24 <./Figs/CalorMapk45T5.pdf>]
<Figs/EvolucionEnergiak45.pdf, id=190, 462.52798pt x 346.89601pt>
File: Figs/EvolucionEnergiak45.pdf Graphic file (type pdf)
<use Figs/EvolucionEnergiak45.pdf>
Package pdftex.def Info: Figs/EvolucionEnergiak45.pdf  used on input line 799.
(pdftex.def)             Requested size: 341.43306pt x 256.085pt.
<Figs/FourierCoeffsT0.pdf, id=191, 462.52798pt x 346.89601pt>
File: Figs/FourierCoeffsT0.pdf Graphic file (type pdf)
<use Figs/FourierCoeffsT0.pdf>
Package pdftex.def Info: Figs/FourierCoeffsT0.pdf  used on input line 808.
(pdftex.def)             Requested size: 341.43306pt x 256.085pt.


LaTeX Warning: `!h' float specifier changed to `!ht'.

<Figs/EnergiaCaso1.pdf, id=192, 462.52798pt x 346.89601pt>
File: Figs/EnergiaCaso1.pdf Graphic file (type pdf)
<use Figs/EnergiaCaso1.pdf>
Package pdftex.def Info: Figs/EnergiaCaso1.pdf  used on input line 819.
(pdftex.def)             Requested size: 341.43306pt x 256.085pt.

LaTeX Warning: `!h' float specifier changed to `!ht'.

[25 <./Figs/EvolucionEnergiak45.pdf>] [26 <./Figs/FourierCoeffsT0.pdf> <./Figs/
EnergiaCaso1.pdf

pdfTeX warning: /usr/bin/pdflatex (file ./Figs/EnergiaCaso1.pdf): PDF inclusion
: multiple pdfs with page group included in a single page
>]
<Figs/PhaseSpaceInitial.pdf, id=303, 462.52798pt x 346.89601pt>
File: Figs/PhaseSpaceInitial.pdf Graphic file (type pdf)
<use Figs/PhaseSpaceInitial.pdf>
Package pdftex.def Info: Figs/PhaseSpaceInitial.pdf  used on input line 831.
(pdftex.def)             Requested size: 184.9429pt x 138.7083pt.

Overfull \hbox (29.33691pt too wide) in paragraph at lines 831--832
[][] 
 []

<Figs/PhaseSpaceK35.pdf, id=304, 462.52798pt x 346.89601pt>
File: Figs/PhaseSpaceK35.pdf Graphic file (type pdf)
<use Figs/PhaseSpaceK35.pdf>
Package pdftex.def Info: Figs/PhaseSpaceK35.pdf  used on input line 834.
(pdftex.def)             Requested size: 184.9429pt x 138.7083pt.

Overfull \hbox (29.33691pt too wide) in paragraph at lines 834--835
[][] 
 []

<Figs/PhaseSpaceK100.pdf, id=305, 462.52798pt x 346.89601pt>
File: Figs/PhaseSpaceK100.pdf Graphic file (type pdf)
<use Figs/PhaseSpaceK100.pdf>
Package pdftex.def Info: Figs/PhaseSpaceK100.pdf  used on input line 837.
(pdftex.def)             Requested size: 170.71652pt x 128.0372pt.

Overfull \hbox (15.11053pt too wide) in paragraph at lines 837--838
[][] 
 []

File: Figs/PhaseSpaceInitial.pdf Graphic file (type pdf)
<use Figs/PhaseSpaceInitial.pdf>
Package pdftex.def Info: Figs/PhaseSpaceInitial.pdf  used on input line 847.
(pdftex.def)             Requested size: 170.71652pt x 128.0372pt.

Overfull \hbox (15.11053pt too wide) in paragraph at lines 847--848
[][] 
 []

<Figs/PhaseSpace725K1000Aft.pdf, id=306, 462.52798pt x 346.89601pt>
File: Figs/PhaseSpace725K1000Aft.pdf Graphic file (type pdf)
<use Figs/PhaseSpace725K1000Aft.pdf>
Package pdftex.def Info: Figs/PhaseSpace725K1000Aft.pdf  used on input line 850
.
(pdftex.def)             Requested size: 170.71652pt x 128.0372pt.

Overfull \hbox (15.11053pt too wide) in paragraph at lines 850--851
[][] 
 []

<Figs/Atractoresk725.pdf, id=307, 462.52798pt x 346.89601pt>
File: Figs/Atractoresk725.pdf Graphic file (type pdf)
<use Figs/Atractoresk725.pdf>
Package pdftex.def Info: Figs/Atractoresk725.pdf  used on input line 853.
(pdftex.def)             Requested size: 170.71652pt x 128.0372pt.

Overfull \hbox (15.11053pt too wide) in paragraph at lines 853--854
[][] 
 []

<Figs/EnergiaK25.pdf, id=308, 462.52798pt x 346.89601pt>
File: Figs/EnergiaK25.pdf Graphic file (type pdf)
<use Figs/EnergiaK25.pdf>
Package pdftex.def Info: Figs/EnergiaK25.pdf  used on input line 863.
(pdftex.def)             Requested size: 241.84842pt x 181.38737pt.

Overfull \hbox (23.03398pt too wide) in paragraph at lines 863--864
[][] 
 []

<Figs/EnergiaK725.pdf, id=309, 462.52798pt x 346.89601pt>
File: Figs/EnergiaK725.pdf Graphic file (type pdf)
<use Figs/EnergiaK725.pdf>
Package pdftex.def Info: Figs/EnergiaK725.pdf  used on input line 866.
(pdftex.def)             Requested size: 241.84842pt x 181.38737pt.

Overfull \hbox (23.03398pt too wide) in paragraph at lines 866--867
[][] 
 []


LaTeX Warning: `!h' float specifier changed to `!ht'.

<Figs/FourierCoeffsT01.pdf, id=310, 462.52798pt x 346.89601pt>
File: Figs/FourierCoeffsT01.pdf Graphic file (type pdf)
<use Figs/FourierCoeffsT01.pdf>
Package pdftex.def Info: Figs/FourierCoeffsT01.pdf  used on input line 878.
(pdftex.def)             Requested size: 241.84842pt x 181.38737pt.

Overfull \hbox (23.03398pt too wide) in paragraph at lines 878--879
[][] 
 []

<Figs/FourierCoeffsT5.pdf, id=311, 462.52798pt x 346.89601pt>
File: Figs/FourierCoeffsT5.pdf Graphic file (type pdf)
<use Figs/FourierCoeffsT5.pdf>
Package pdftex.def Info: Figs/FourierCoeffsT5.pdf  used on input line 881.
(pdftex.def)             Requested size: 241.84842pt x 181.38737pt.

Overfull \hbox (23.03398pt too wide) in paragraph at lines 881--882
[][] 
 []


LaTeX Warning: `!h' float specifier changed to `!ht'.

[27 <./Figs/PhaseSpaceInitial.pdf> <./Figs/PhaseSpaceK35.pdf

pdfTeX warning: /usr/bin/pdflatex (file ./Figs/PhaseSpaceK35.pdf): PDF inclusio
n: multiple pdfs with page group included in a single page
> <./Figs/PhaseSpaceK100.pdf

pdfTeX warning: /usr/bin/pdflatex (file ./Figs/PhaseSpaceK100.pdf): PDF inclusi
on: multiple pdfs with page group included in a single page
> <./Figs/PhaseSpace725K1000Aft.pdf

pdfTeX warning: /usr/bin/pdflatex (file ./Figs/PhaseSpace725K1000Aft.pdf): PDF 
inclusion: multiple pdfs with page group included in a single page
> <./Figs/Atractoresk725.pdf

pdfTeX warning: /usr/bin/pdflatex (file ./Figs/Atractoresk725.pdf): PDF inclusi
on: multiple pdfs with page group included in a single page
>]
<Figs/DistribucionesK20T5Kick40.pdf, id=403, 650.43pt x 216.81pt>
File: Figs/DistribucionesK20T5Kick40.pdf Graphic file (type pdf)
<use Figs/DistribucionesK20T5Kick40.pdf>
Package pdftex.def Info: Figs/DistribucionesK20T5Kick40.pdf  used on input line
 899.
(pdftex.def)             Requested size: 512.1496pt x 170.72884pt.

Overfull \hbox (14.2767pt too wide) in paragraph at lines 898--900
[]  [] 
 []


Underfull \hbox (badness 10000) in paragraph at lines 898--900

 []

<Figs/DiferenciasK20T5Kick40.pdf, id=404, 722.7pt x 216.81pt>
File: Figs/DiferenciasK20T5Kick40.pdf Graphic file (type pdf)
<use Figs/DiferenciasK20T5Kick40.pdf>
Package pdftex.def Info: Figs/DiferenciasK20T5Kick40.pdf  used on input line 90
4.
(pdftex.def)             Requested size: 569.05511pt x 170.71892pt.

Overfull \hbox (79.71812pt too wide) in paragraph at lines 903--906
[]  [] 
 []

[28 <./Figs/EnergiaK25.pdf> <./Figs/EnergiaK725.pdf

pdfTeX warning: /usr/bin/pdflatex (file ./Figs/EnergiaK725.pdf): PDF inclusion:
 multiple pdfs with page group included in a single page
> <./Figs/FourierCoeffsT01.pdf

pdfTeX warning: /usr/bin/pdflatex (file ./Figs/FourierCoeffsT01.pdf): PDF inclu
sion: multiple pdfs with page group included in a single page
> <./Figs/FourierCoeffsT5.pdf

pdfTeX warning: /usr/bin/pdflatex (file ./Figs/FourierCoeffsT5.pdf): PDF inclus
ion: multiple pdfs with page group included in a single page
>]

LaTeX Warning: `!h' float specifier changed to `!ht'.


LaTeX Warning: `!h' float specifier changed to `!ht'.

[29 <./Figs/DistribucionesK20T5Kick40.pdf> <./Figs/DiferenciasK20T5Kick40.pdf

pdfTeX warning: /usr/bin/pdflatex (file ./Figs/DiferenciasK20T5Kick40.pdf): PDF
 inclusion: multiple pdfs with page group included in a single page
>] [30]
Cap\'{\i }tulo 5.
[31

] [32

]
Underfull \hbox (badness 10000) in paragraph at lines 985--986
[]\OT1/cmr/m/n/10 Gilchrist, A. (2017), ``\OT1/cmr/m/it/10 Energy in a Dam-ped 
Har-mo-nic Os-ci-lla-tor\OT1/cmr/m/n/10 '',
 []

[33] (./document.aux
LaTeX Info: Redefining \. on input line 7.
LaTeX Info: Redefining \% on input line 7.
) ) 
Here is how much of TeX's memory you used:
 5659 strings out of 492982
 81100 string characters out of 6134896
 187045 words of memory out of 5000000
 9062 multiletter control sequences out of 15000+600000
 11618 words of font info for 43 fonts, out of 8000000 for 9000
 1141 hyphenation exceptions out of 8191
 48i,15n,42p,981b,415s stack positions out of 5000i,500n,10000p,200000b,80000s
</usr/share/texlive/texmf-dist/fonts/type1/public/amsfonts/cm/cmbx12.pfb></u
sr/share/texlive/texmf-dist/fonts/type1/public/amsfonts/cm/cmex10.pfb></usr/sha
re/texlive/texmf-dist/fonts/type1/public/amsfonts/cm/cmmi12.pfb></usr/share/tex
live/texmf-dist/fonts/type1/public/amsfonts/cm/cmmi6.pfb></usr/share/texlive/te
xmf-dist/fonts/type1/public/amsfonts/cm/cmmi8.pfb></usr/share/texlive/texmf-dis
t/fonts/type1/public/amsfonts/cm/cmr10.pfb></usr/share/texlive/texmf-dist/fonts
/type1/public/amsfonts/cm/cmr12.pfb></usr/share/texlive/texmf-dist/fonts/type1/
public/amsfonts/cm/cmr17.pfb></usr/share/texlive/texmf-dist/fonts/type1/public/
amsfonts/cm/cmr6.pfb></usr/share/texlive/texmf-dist/fonts/type1/public/amsfonts
/cm/cmr8.pfb></usr/share/texlive/texmf-dist/fonts/type1/public/amsfonts/cm/cmsy
10.pfb></usr/share/texlive/texmf-dist/fonts/type1/public/amsfonts/cm/cmsy6.pfb>
</usr/share/texlive/texmf-dist/fonts/type1/public/amsfonts/cm/cmsy8.pfb></usr/s
hare/texlive/texmf-dist/fonts/type1/public/amsfonts/cm/cmti10.pfb></usr/share/t
exlive/texmf-dist/fonts/type1/public/amsfonts/cm/cmti12.pfb></usr/share/texlive
/texmf-dist/fonts/type1/public/amsfonts/cm/cmtt12.pfb></usr/share/texlive/texmf
-dist/fonts/type1/public/amsfonts/latxfont/line10.pfb></usr/share/texlive/texmf
-dist/fonts/type1/public/amsfonts/symbols/msbm10.pfb></usr/share/texlive/texmf-
dist/fonts/type1/public/amsfonts/symbols/msbm7.pfb>
Output written on document.pdf (40 pages, 4536771 bytes).
PDF statistics:
 699 PDF objects out of 1000 (max. 8388607)
 286 compressed objects within 3 object streams
 0 named destinations out of 1000 (max. 500000)
 181 words of extra memory for PDF output out of 10000 (max. 10000000)

